2019/03/03 01:17:37 bitflyer.go:196: connecting to wss://ws.lightstream.bitflyer.com/json-rpc
2019/03/03 01:17:38 streamdata.go:18: action=StreamIngestionData, {BTC_JPY 2019-03-02T16:17:38.0774038Z 453357 424701 425116 0.44 0.09 1978.06241923 1299.61210563 425119 2147.57355548 2147.57355548}
2019/03/03 01:17:38 streamdata.go:18: action=StreamIngestionData, {BTC_JPY 2019-03-02T16:17:38.4523797Z 453364 424701 425115 0.4 0.32 1977.28141923 1298.92210563 425119 2147.57355548 2147.57355548}
2019/03/03 01:17:39 streamdata.go:18: action=StreamIngestionData, {BTC_JPY 2019-03-02T16:17:39.0773656Z 453374 424702 425114 0.12 0.09 1975.92141909 1298.77110563 425119 2147.57355548 2147.57355548}
2019/03/03 01:17:39 streamdata.go:18: action=StreamIngestionData, {BTC_JPY 2019-03-02T16:17:39.4836096Z 453382 424702 425113 0.12 0.34 1976.64241922 1298.97210563 425119 2147.57355548 2147.57355548}
2019/03/03 01:17:40 streamdata.go:18: action=StreamIngestionData, {BTC_JPY 2019-03-02T16:17:39.9836214Z 453396 424702 425112 0.12 0.09 1976.7924192 1299.02210563 425119 2147.42262069 2147.42262069}
2019/03/03 01:17:40 streamdata.go:18: action=StreamIngestionData, {BTC_JPY 2019-03-02T16:17:40.3430264Z 453398 424702 425112 0.12 0.09 1976.7924192 1299.32210563 425119 2147.42262069 2147.42262069}
2019/03/03 01:17:40 streamdata.go:18: action=StreamIngestionData, {BTC_JPY 2019-03-02T16:17:40.8430479Z 453404 424702 425112 0.12 0.09 1976.5924191 1299.32210563 425119 2147.31116005 2147.31116005}
2019/03/03 01:17:41 streamdata.go:18: action=StreamIngestionData, {BTC_JPY 2019-03-02T16:17:41.2023896Z 453410 424702 425112 0.62000013 0.09 1977.09241923 1293.81210563 425119 2147.31116005 2147.31116005}
2019/03/03 01:17:41 streamdata.go:18: action=StreamIngestionData, {BTC_JPY 2019-03-02T16:17:41.7024164Z 453420 424702 425112 0.62000013 0.09 1968.80741923 1303.17810563 425119 2147.31116005 2147.31116005}
2019/03/03 01:17:42 streamdata.go:18: action=StreamIngestionData, {BTC_JPY 2019-03-02T16:17:42.0773962Z 453432 424703 425111 0.44 0.28 1969.17641923 1312.16410563 425119 2147.31116005 2147.31116005}
2019/03/03 01:17:42 streamdata.go:18: action=StreamIngestionData, {BTC_JPY 2019-03-02T16:17:42.6868091Z 453437 424703 425111 0.52 0.28 1969.17641923 1311.93310563 425119 2147.31116005 2147.31116005}
2019/03/03 01:17:43 streamdata.go:18: action=StreamIngestionData, {BTC_JPY 2019-03-02T16:17:43.0461627Z 453442 424704 425111 0.4 0.28 1969.33841923 1311.93310563 425119 2147.31116005 2147.31116005}
2019/03/03 01:17:43 streamdata.go:18: action=StreamIngestionData, {BTC_JPY 2019-03-02T16:17:43.5623659Z 453452 424705 425111 0.44 0.28 1977.26141923 1313.36410563 425119 2147.31116005 2147.31116005}
2019/03/03 01:17:44 streamdata.go:18: action=StreamIngestionData, {BTC_JPY 2019-03-02T16:17:44.0461933Z 453454 424705 425111 0.04 0.28 1981.69641923 1313.36410563 425119 2147.31116005 2147.31116005}
2019/03/03 01:17:44 streamdata.go:18: action=StreamIngestionData, {BTC_JPY 2019-03-02T16:17:44.4211735Z 453463 424706 425111 0.4 0.28 1987.44141923 1313.36410563 425119 2147.31116005 2147.31116005}
2019/03/03 01:17:45 streamdata.go:18: action=StreamIngestionData, {BTC_JPY 2019-03-02T16:17:44.8742989Z 453479 424707 425111 0.4 0.28 1980.29541922 1312.86410563 425119 2147.31116005 2147.31116005}
2019/03/03 01:17:45 streamdata.go:18: action=StreamIngestionData, {BTC_JPY 2019-03-02T16:17:45.3430693Z 453489 424708 425111 0.4 0.28 1993.58341922 1310.8631055 425119 2147.31116005 2147.31116005}
2019/03/03 01:17:46 streamdata.go:18: action=StreamIngestionData, {BTC_JPY 2019-03-02T16:17:45.8431143Z 453500 424709 425110 0.04 0.09 1981.70541923 1312.86310563 425119 2147.31116005 2147.31116005}
2019/03/03 01:17:46 streamdata.go:18: action=StreamIngestionData, {BTC_JPY 2019-03-02T16:17:46.2337227Z 453513 424709 425109 0.44 0.39 1976.33141923 1310.53110563 425119 2147.29116005 2147.29116005}
2019/03/03 01:17:46 streamdata.go:18: action=StreamIngestionData, {BTC_JPY 2019-03-02T16:17:46.7493327Z 453534 424710 425108 0.4 0.50000013 1979.76941923 1312.93110563 425119 2147.29116005 2147.29116005}
2019/03/03 01:17:47 streamdata.go:18: action=StreamIngestionData, {BTC_JPY 2019-03-02T16:17:47.2337086Z 453540 424711 425108 0.4 0.59000013 1979.76941923 1313.25110563 425119 2147.29116005 2147.29116005}
2019/03/03 01:17:47 streamdata.go:18: action=StreamIngestionData, {BTC_JPY 2019-03-02T16:17:47.7024587Z 453546 424712 425107 0.4 0.33 1971.85141923 1313.19110563 425119 2147.29116005 2147.29116005}
2019/03/03 01:17:48 streamdata.go:18: action=StreamIngestionData, {BTC_JPY 2019-03-02T16:17:48.0931254Z 453552 424701 425107 0.12 0.33 1978.3794191 1313.01110563 425119 2147.29116005 2147.29116005}
2019/03/03 01:17:48 streamdata.go:18: action=StreamIngestionData, {BTC_JPY 2019-03-02T16:17:48.593101Z 453562 424714 425107 0.08 0.42 1979.97941923 1313.30340563 425119 2147.29116005 2147.29116005}
2019/03/03 01:17:49 streamdata.go:18: action=StreamIngestionData, {BTC_JPY 2019-03-02T16:17:48.9681631Z 453566 424714 425107 0.48 0.42 1979.97941923 1313.30340563 425119 2147.29116005 2147.29116005}
2019/03/03 01:17:49 streamdata.go:18: action=StreamIngestionData, {BTC_JPY 2019-03-02T16:17:49.5462682Z 453569 424714 425107 0.08 0.33 1979.34941923 1313.21340563 425119 2147.29116005 2147.29116005}
2019/03/03 01:17:50 streamdata.go:18: action=StreamIngestionData, {BTC_JPY 2019-03-02T16:17:50.0462831Z 453577 424716 425106 0.08 0.09 1979.24941922 1313.16340563 425119 2147.29116005 2147.29116005}
2019/03/03 01:17:50 streamdata.go:18: action=StreamIngestionData, {BTC_JPY 2019-03-02T16:17:50.5150251Z 453585 424716 425105 0.48 0.3 1979.92541922 1313.36940563 425119 2147.29116005 2147.29116005}
2019/03/03 01:46:16 bitflyer.go:196: connecting to wss://ws.lightstream.bitflyer.com/json-rpc
2019/03/03 01:46:17 streamdata.go:18: action=StreamIngestionData, {BTC_JPY 2019-03-02T16:46:17.0863804Z 480282 425765 426107 0.50000013 0.3 1991.08467897 1300.73375343 425928 2071.23707658 2071.23707658}
2019/03/03 01:46:17 streamdata.go:18: action=StreamIngestionData, {BTC_JPY 2019-03-02T16:46:17.4613796Z 480290 425765 426106 0.50000013 0.4 1991.34167898 1298.73375343 425928 2071.23707658 2071.23707658}
2019/03/03 01:46:18 streamdata.go:18: action=StreamIngestionData, {BTC_JPY 2019-03-02T16:46:17.9613571Z 480300 425765 426105 1.50000026 0.36 2000.12167898 1300.75075343 425928 2071.23707658 2071.23707658}
2019/03/03 01:46:18 streamdata.go:18: action=StreamIngestionData, {BTC_JPY 2019-03-02T16:46:18.4457456Z 480307 425765 426104 1.50000026 0.4 1991.65867897 1300.75075343 425928 2071.23707658 2071.23707658}
2019/03/03 01:46:19 streamdata.go:18: action=StreamIngestionData, {BTC_JPY 2019-03-02T16:46:19.0394999Z 480310 425765 426104 1.50000026 0.4 1993.98867897 1300.48075343 425928 2071.23707658 2071.23707658}
2019/03/03 01:46:19 streamdata.go:18: action=StreamIngestionData, {BTC_JPY 2019-03-02T16:46:19.4145464Z 480315 425765 426103 1.50000026 0.38 1994.08867898 1300.28075343 425928 2071.21707658 2071.21707658}
2019/03/03 01:46:20 streamdata.go:18: action=StreamIngestionData, {BTC_JPY 2019-03-02T16:46:19.9301474Z 480322 425765 426102 1.50000026 0.58 2002.14267898 1295.86075343 425928 2071.16707658 2071.16707658}
2019/03/03 01:46:20 streamdata.go:18: action=StreamIngestionData, {BTC_JPY 2019-03-02T16:46:20.4613974Z 480326 425765 426101 1.50000026 0.35 2001.93567898 1295.83075343 425928 2071.16707658 2071.16707658}
2019/03/03 01:46:21 streamdata.go:18: action=StreamIngestionData, {BTC_JPY 2019-03-02T16:46:20.914502Z 480335 425765 426100 0.50000013 0.09 2001.93567898 1294.08375317 425928 2071.16707658 2071.16707658}
2019/03/03 01:46:21 streamdata.go:18: action=StreamIngestionData, {BTC_JPY 2019-03-02T16:46:21.3989127Z 480347 425765 426100 0.50000013 0.99000013 1994.52067895 1296.32275343 425928 2071.16707658 2071.16707658}
2019/03/03 01:46:21 streamdata.go:18: action=StreamIngestionData, {BTC_JPY 2019-03-02T16:46:21.7582654Z 480351 425765 426099 0.50000013 0.4 1994.52067895 1295.88275343 425928 2071.16707658 2071.16707658}
2019/03/03 01:46:22 streamdata.go:18: action=StreamIngestionData, {BTC_JPY 2019-03-02T16:46:22.3520475Z 480357 425764 426098 0.597 0.09 1993.32067882 1295.97275343 425928 2071.16707658 2071.16707658}
2019/03/03 01:46:22 streamdata.go:18: action=StreamIngestionData, {BTC_JPY 2019-03-02T16:46:22.7270444Z 480365 425763 426098 0.04 0.37 1993.52367898 1295.55275343 425764 2071.76407658 2071.76407658}
2019/03/03 01:46:23 streamdata.go:18: action=StreamIngestionData, {BTC_JPY 2019-03-02T16:46:23.4770518Z 480379 425715 426097 0.005 0.4 2001.20467898 1298.68375343 425715 2071.85407658 2071.85407658}
2019/03/03 01:46:24 streamdata.go:18: action=StreamIngestionData, {BTC_JPY 2019-03-02T16:46:24.0239319Z 480392 425715 426097 0.005 0.49 2003.38894245 1298.68375343 425715 2071.67407658 2071.67407658}
2019/03/03 01:46:24 streamdata.go:18: action=StreamIngestionData, {BTC_JPY 2019-03-02T16:46:24.5083153Z 480400 425715 426096 0.005 0.09 1998.37961358 1295.85375343 425715 2071.66107658 2071.66107658}
2019/03/03 01:46:25 streamdata.go:18: action=StreamIngestionData, {BTC_JPY 2019-03-02T16:46:24.8832905Z 480409 425715 426076 0.005 0.09 1998.33961358 1302.6127533 425715 2071.66107658 2071.66107658}
2019/03/03 01:46:25 streamdata.go:18: action=StreamIngestionData, {BTC_JPY 2019-03-02T16:46:25.4770426Z 480414 425715 426075 0.005 0.09 1998.33961358 1303.61275343 425715 2071.66107658 2071.66107658}
2019/03/03 01:46:26 streamdata.go:18: action=StreamIngestionData, {BTC_JPY 2019-03-02T16:46:25.8520623Z 480423 425715 426074 0.005 0.37 1998.03961345 1303.7327533 425715 2071.66107658 2071.66107658}
2019/03/03 01:46:26 streamdata.go:18: action=StreamIngestionData, {BTC_JPY 2019-03-02T16:46:26.3520709Z 480433 425715 426056 0.005 7.875 1990.66361358 1299.04475343 425715 2071.66107658 2071.66107658}
2019/03/03 01:46:26 streamdata.go:18: action=StreamIngestionData, {BTC_JPY 2019-03-02T16:46:26.7426976Z 480440 425715 426055 0.005 0.49 1998.32261358 1304.24475343 425715 2071.66107658 2071.66107658}
2019/03/03 01:46:27 streamdata.go:18: action=StreamIngestionData, {BTC_JPY 2019-03-02T16:46:27.242675Z 480448 425715 426054 0.005 0.07 1989.84261358 1304.81475343 425715 2071.66107658 2071.66107658}
2019/03/03 01:46:27 streamdata.go:18: action=StreamIngestionData, {BTC_JPY 2019-03-02T16:46:27.5864533Z 480456 425715 426054 0.005 0.07 1990.51661357 1296.55375343 425715 2071.66107658 2071.66107658}
2019/03/03 01:46:28 streamdata.go:18: action=StreamIngestionData, {BTC_JPY 2019-03-02T16:46:28.0864574Z 480468 425583 426035 0.04 7.872 1990.19961344 1301.31575317 425714 2071.70607658 2071.70607658}
2019/03/03 01:46:28 streamdata.go:18: action=StreamIngestionData, {BTC_JPY 2019-03-02T16:46:28.5864557Z 480482 425583 426034 0.04 2.90000026 1990.77961358 1303.67375343 425714 2071.70607658 2071.70607658}
2019/03/03 01:46:29 streamdata.go:18: action=StreamIngestionData, {BTC_JPY 2019-03-02T16:46:29.0552127Z 480488 425583 426033 0.04 0.09 1990.79961358 1299.5637533 425714 2071.70607658 2071.70607658}
2019/03/03 01:46:29 streamdata.go:18: action=StreamIngestionData, {BTC_JPY 2019-03-02T16:46:29.5551895Z 480499 425583 426014 0.04 7.866 1991.15371357 1304.48055343 425714 2071.70607658 2071.70607658}
2019/03/03 01:46:30 streamdata.go:18: action=StreamIngestionData, {BTC_JPY 2019-03-02T16:46:29.9302067Z 480507 425583 426013 0.04 0.49 1991.13371357 1303.5605533 425714 2071.70607658 2071.70607658}
2019/03/03 01:46:30 streamdata.go:18: action=StreamIngestionData, {BTC_JPY 2019-03-02T16:46:30.4302184Z 480517 425583 426013 0.5401 1.49000013 1999.71671358 1304.49755343 425714 2071.70607658 2071.70607658}
2019/03/03 01:46:30 streamdata.go:18: action=StreamIngestionData, {BTC_JPY 2019-03-02T16:46:30.898949Z 480522 425583 426012 0.5401 0.4 1999.48871358 1304.21755343 425714 2071.70607658 2071.70607658}
2019/03/03 01:46:31 streamdata.go:18: action=StreamIngestionData, {BTC_JPY 2019-03-02T16:46:31.2739616Z 480531 425583 425993 0.5401 7.867 1991.59271358 1304.30055343 425714 2071.70607658 2071.70607658}
2019/03/03 01:46:31 streamdata.go:18: action=StreamIngestionData, {BTC_JPY 2019-03-02T16:46:31.7896037Z 480546 425584 425992 0.02 1.00000013 1997.26671345 1296.76355343 425714 2071.70607658 2071.70607658}
2019/03/03 01:46:32 streamdata.go:18: action=StreamIngestionData, {BTC_JPY 2019-03-02T16:46:32.164572Z 480556 425584 425991 0.02 0.49 1999.46671358 1294.9235533 425714 2071.70607658 2071.70607658}
2019/03/03 01:46:32 streamdata.go:18: action=StreamIngestionData, {BTC_JPY 2019-03-02T16:46:32.6489645Z 480561 425584 425991 0.50000013 0.49 1999.44671358 1296.83355343 425714 2071.70607658 2071.70607658}
2019/03/03 01:48:54 bitflyer.go:196: connecting to wss://ws.lightstream.bitflyer.com/json-rpc
2019/03/03 01:48:55 streamdata.go:18: action=StreamIngestionData, {BTC_JPY 2019-03-02T16:48:55.5561144Z 482866 425734 425999 0.05 0.76000013 1994.51440595 1312.35028623 425900 2059.23023353 2059.23023353}
2019/03/03 01:48:56 streamdata.go:18: action=StreamIngestionData, {BTC_JPY 2019-03-02T16:48:56.0405269Z 482868 425734 425999 0.05 0.76000013 2002.38440595 1304.47828623 425900 2059.23023353 2059.23023353}
2019/03/03 01:48:56 streamdata.go:18: action=StreamIngestionData, {BTC_JPY 2019-03-02T16:48:56.5405346Z 482878 425734 425999 0.05 0.76000013 2000.63550595 1312.33228623 425900 2059.23023353 2059.23023353}
2019/03/03 01:48:57 streamdata.go:18: action=StreamIngestionData, {BTC_JPY 2019-03-02T16:48:57.1342606Z 482881 425734 425999 0.05 0.76000013 2000.63550595 1312.09428623 425900 2059.23023353 2059.23023353}
2019/03/03 01:48:57 streamdata.go:18: action=StreamIngestionData, {BTC_JPY 2019-03-02T16:48:57.5248994Z 482889 425736 425999 0.05 0.76000013 2001.46150592 1312.09428623 425900 2059.23023353 2059.23023353}
2019/03/03 01:48:58 streamdata.go:18: action=StreamIngestionData, {BTC_JPY 2019-03-02T16:48:58.0248961Z 482898 425736 425999 1.947039 0.76000013 1987.61298682 1312.82028623 425900 2059.23023353 2059.23023353}
2019/03/03 01:48:58 streamdata.go:18: action=StreamIngestionData, {BTC_JPY 2019-03-02T16:48:58.4311346Z 482907 425737 425998 0.4 0.05 1988.67649926 1312.87028623 425900 2059.23023353 2059.23023353}
2019/03/03 01:48:59 streamdata.go:18: action=StreamIngestionData, {BTC_JPY 2019-03-02T16:48:58.899899Z 482917 425736 425998 0.2728089 0.05 1988.43875675 1312.87028623 425900 2059.23023353 2059.23023353}
2019/03/03 01:48:59 streamdata.go:18: action=StreamIngestionData, {BTC_JPY 2019-03-02T16:48:59.3061497Z 482928 425738 425997 0.4 0.26 1999.61149955 1312.84128623 425900 2059.23023353 2059.23023353}
2019/03/03 01:48:59 streamdata.go:18: action=StreamIngestionData, {BTC_JPY 2019-03-02T16:48:59.7905653Z 482933 425740 425997 0.05 0.26 1999.69549955 1312.84128623 425900 2058.28253353 2058.28253353}
2019/03/03 01:49:00 streamdata.go:18: action=StreamIngestionData, {BTC_JPY 2019-03-02T16:49:00.3843047Z 482939 425740 425997 0.05 0.26 2001.05349785 1312.84128623 425900 2057.7825334 2057.7825334}
2019/03/03 01:49:00 streamdata.go:18: action=StreamIngestionData, {BTC_JPY 2019-03-02T16:49:00.8374344Z 482949 425740 425999 0.05 1.50000026 1992.89249785 1312.05528623 425900 2057.7825334 2057.7825334}
2019/03/03 01:49:01 streamdata.go:18: action=StreamIngestionData, {BTC_JPY 2019-03-02T16:49:01.2124106Z 482955 425707 425999 0.45 1.50000026 1992.52449772 1312.28728623 425900 2057.7825334 2057.7825334}
2019/03/03 01:49:01 streamdata.go:18: action=StreamIngestionData, {BTC_JPY 2019-03-02T16:49:01.7280618Z 482965 425707 425998 0.45 0.38 1993.56449785 1328.50758623 425900 2057.7625334 2057.7625334}
2019/03/03 01:49:02 streamdata.go:18: action=StreamIngestionData, {BTC_JPY 2019-03-02T16:49:02.1967901Z 482972 425708 425998 0.05 0.38 1993.56449785 1327.6885861 425900 2057.75543481 2057.75543481}
2019/03/03 01:49:02 streamdata.go:18: action=StreamIngestionData, {BTC_JPY 2019-03-02T16:49:02.6186594Z 482987 425710 425998 2.1766569 0.38 1996.13159188 1321.20058623 425900 2057.71543481 2057.71543481}
2019/03/03 01:49:03 streamdata.go:18: action=StreamIngestionData, {BTC_JPY 2019-03-02T16:49:03.1030765Z 482992 425710 425998 2.1766569 0.38 1997.73159201 1328.98358623 425900 2057.71543481 2057.71543481}
2019/03/03 01:49:03 streamdata.go:18: action=StreamIngestionData, {BTC_JPY 2019-03-02T16:49:03.6030743Z 483001 425711 425998 0.4 0.38 1999.70159201 1311.91358623 425900 2057.66543481 2057.66543481}
2019/03/03 01:49:04 streamdata.go:18: action=StreamIngestionData, {BTC_JPY 2019-03-02T16:49:04.0874358Z 483008 425711 425998 0.4 0.38 1991.61359202 1304.03858623 425900 2057.62543481 2057.62543481}
2019/03/03 01:49:04 streamdata.go:18: action=StreamIngestionData, {BTC_JPY 2019-03-02T16:49:04.4624574Z 483013 425712 425998 0.05 0.38 1990.54359202 1311.66258623 425900 2056.58973481 2056.58973481}
2019/03/03 01:49:05 streamdata.go:18: action=StreamIngestionData, {BTC_JPY 2019-03-02T16:49:05.0718562Z 483017 425712 425998 0.05 0.38 1990.51257743 1311.90058623 425900 2056.58973481 2056.58973481}
2019/03/03 01:49:05 streamdata.go:18: action=StreamIngestionData, {BTC_JPY 2019-03-02T16:49:05.5405936Z 483019 425711 425998 0.4 0.38 1990.36257742 1311.90058623 425900 2056.58973481 2056.58973481}
2019/03/03 01:49:06 streamdata.go:18: action=StreamIngestionData, {BTC_JPY 2019-03-02T16:49:05.9311884Z 483023 425712 425998 0.05 0.38 1998.36457742 1312.05058623 425900 2056.58973481 2056.58973481}
2019/03/03 01:49:06 streamdata.go:18: action=StreamIngestionData, {BTC_JPY 2019-03-02T16:49:06.4311867Z 483029 425712 425998 0.05 0.38 1998.36457742 1312.05058623 425900 2056.58973481 2056.58973481}
2019/03/03 01:49:07 streamdata.go:18: action=StreamIngestionData, {BTC_JPY 2019-03-02T16:49:06.8374866Z 483036 425712 425998 0.05 0.38 1998.66457743 1311.14058623 425900 2056.58973481 2056.58973481}
2019/03/03 01:49:07 streamdata.go:18: action=StreamIngestionData, {BTC_JPY 2019-03-02T16:49:07.3218497Z 483042 425712 425956 0.05 1.35 1988.80157743 1309.64058623 425900 2056.57433481 2056.57433481}
2019/03/03 01:49:07 streamdata.go:18: action=StreamIngestionData, {BTC_JPY 2019-03-02T16:49:07.7437336Z 483058 425715 425955 0.8606139 0.50000013 1984.34765432 1311.63858623 425900 2056.57433481 2056.57433481}
2019/03/03 01:49:08 streamdata.go:18: action=StreamIngestionData, {BTC_JPY 2019-03-02T16:49:08.2593514Z 483075 425716 425954 0.45 0.32 1970.55265445 1310.84058623 425900 2056.57433481 2056.57433481}
2019/03/03 01:49:08 streamdata.go:18: action=StreamIngestionData, {BTC_JPY 2019-03-02T16:49:08.7593685Z 483090 425716 425954 0.45 0.32 1974.44396284 1311.07658623 425900 2056.57433481 2056.57433481}
2019/03/03 01:49:09 streamdata.go:18: action=StreamIngestionData, {BTC_JPY 2019-03-02T16:49:09.1500106Z 483103 425717 425954 0.4 0.32 1980.32696284 1311.09358623 425900 2056.57433481 2056.57433481}
2019/03/03 01:49:09 streamdata.go:18: action=StreamIngestionData, {BTC_JPY 2019-03-02T16:49:09.634362Z 483111 425718 425900 0.4 1 1997.18796285 1312.09358623 425900 2056.57433481 2056.57433481}
2019/03/03 01:49:10 streamdata.go:18: action=StreamIngestionData, {BTC_JPY 2019-03-02T16:49:10.1187436Z 483123 425703 425900 0.0048 1 2001.58256287 1312.0935861 425900 2056.57433481 2056.57433481}
2019/03/03 01:49:10 streamdata.go:18: action=StreamIngestionData, {BTC_JPY 2019-03-02T16:49:10.4937185Z 483126 425703 425899 0.0048 0.50000013 2001.63256287 1312.27358623 425900 2056.57433481 2056.57433481}
2019/03/03 01:49:11 streamdata.go:18: action=StreamIngestionData, {BTC_JPY 2019-03-02T16:49:11.118729Z 483135 425703 425899 0.0048 0.50000013 1993.82656287 1310.0585861 425900 2056.57433481 2056.57433481}
2019/03/03 01:49:11 streamdata.go:18: action=StreamIngestionData, {BTC_JPY 2019-03-02T16:49:11.4937526Z 483144 425703 425898 0.0048 0.34 1993.23756287 1310.6625861 425900 2056.56825478 2056.56825478}
2019/03/03 01:49:12 streamdata.go:18: action=StreamIngestionData, {BTC_JPY 2019-03-02T16:49:11.9781276Z 483148 425703 425898 0.0048 0.34 1993.67462288 1311.66258623 425900 2056.56825478 2056.56825478}
2019/03/03 01:49:12 streamdata.go:18: action=StreamIngestionData, {BTC_JPY 2019-03-02T16:49:12.4625093Z 483156 425703 425898 0.0048 0.34 2006.06922288 1312.68958623 425900 2056.56825478 2056.56825478}
2019/03/03 01:49:13 streamdata.go:18: action=StreamIngestionData, {BTC_JPY 2019-03-02T16:49:13.0718575Z 483162 425703 425898 0.0048 0.622 2001.11922288 1312.97158623 425900 2056.56825478 2056.56825478}
2019/03/03 01:49:13 streamdata.go:18: action=StreamIngestionData, {BTC_JPY 2019-03-02T16:49:13.5093878Z 483164 425703 425898 0.0048 0.622 2001.31922288 1313.17158623 425900 2056.56825478 2056.56825478}
2019/03/03 01:49:14 streamdata.go:18: action=StreamIngestionData, {BTC_JPY 2019-03-02T16:49:14.0249882Z 483168 425703 425898 0.0048 0.622 2000.71922274 1313.17158623 425900 2056.56825478 2056.56825478}
2019/03/03 01:49:14 streamdata.go:18: action=StreamIngestionData, {BTC_JPY 2019-03-02T16:49:14.6031557Z 483170 425703 425898 0.0048 0.622 1995.97922287 1313.17158623 425900 2056.56822491 2056.56822491}
2019/03/03 01:49:15 streamdata.go:18: action=StreamIngestionData, {BTC_JPY 2019-03-02T16:49:15.1187794Z 483177 425703 425898 0.0048 0.33 1995.78222288 1310.6325861 425898 2056.57822491 2056.57822491}
2019/03/03 01:49:15 streamdata.go:18: action=StreamIngestionData, {BTC_JPY 2019-03-02T16:49:15.4781549Z 483184 425703 425898 0.0048 0.33 1988.22022288 1311.29058623 425898 2056.57822491 2056.57822491}
2019/03/03 01:49:16 streamdata.go:18: action=StreamIngestionData, {BTC_JPY 2019-03-02T16:49:16.3063191Z 483187 425703 425898 0.0048 0.33 1988.72022288 1310.75558623 425898 2056.52552491 2056.52552491}
2019/03/03 01:49:17 streamdata.go:18: action=StreamIngestionData, {BTC_JPY 2019-03-02T16:49:16.9156492Z 483192 425703 425898 0.0048 0.33 1996.48822287 1311.25558623 425898 2056.52552491 2056.52552491}
2019/03/03 01:49:17 streamdata.go:18: action=StreamIngestionData, {BTC_JPY 2019-03-02T16:49:17.4625409Z 483194 425703 425898 0.0048 0.33 1996.28822287 1311.05558623 425898 2053.59652491 2053.59652491}
2019/03/03 01:49:18 streamdata.go:18: action=StreamIngestionData, {BTC_JPY 2019-03-02T16:49:17.8375243Z 483198 425703 425898 0.0048 0.33 1996.38822288 1312.05558623 425898 2053.59652491 2053.59652491}
2019/03/03 01:49:18 streamdata.go:18: action=StreamIngestionData, {BTC_JPY 2019-03-02T16:49:18.540648Z 483200 425703 425898 0.0048 0.33 1996.14322288 1310.0555861 425898 2052.47652491 2052.47652491}
2019/03/03 01:49:19 streamdata.go:18: action=StreamIngestionData, {BTC_JPY 2019-03-02T16:49:19.0562989Z 483208 425703 425898 0.0048 0.33 1999.58822288 1305.9605861 425898 2052.07152491 2052.07152491}
2019/03/03 01:49:19 streamdata.go:18: action=StreamIngestionData, {BTC_JPY 2019-03-02T16:49:19.5250277Z 483215 425703 425898 0.0048 0.33 2001.58822288 1310.25558623 425898 2052.06462628 2052.06462628}
2019/03/03 01:49:20 streamdata.go:18: action=StreamIngestionData, {BTC_JPY 2019-03-02T16:49:20.1031837Z 483220 425703 425898 0.0048 0.33 2001.48822285 1309.25558623 425898 2052.06462628 2052.06462628}
2019/03/03 01:49:20 streamdata.go:18: action=StreamIngestionData, {BTC_JPY 2019-03-02T16:49:20.4781834Z 483228 425703 425898 0.0048 0.33 1992.92016284 1310.74458623 425898 2052.01462628 2052.01462628}
2019/03/03 01:49:21 streamdata.go:18: action=StreamIngestionData, {BTC_JPY 2019-03-02T16:49:21.0719354Z 483235 425703 425898 0.0048 0.33 1992.77016274 1310.74458623 425898 2050.86662628 2050.86662628}
2019/03/03 01:49:21 streamdata.go:18: action=StreamIngestionData, {BTC_JPY 2019-03-02T16:49:21.7751071Z 483238 425703 425898 0.0048 0.33 1993.22016287 1310.59458623 425898 2050.81723208 2050.81723208}
2019/03/03 01:49:22 streamdata.go:18: action=StreamIngestionData, {BTC_JPY 2019-03-02T16:49:22.1812933Z 483244 425703 425898 0.0048 0.33 2000.87816287 1323.58958623 425898 2049.91930366 2049.91930366}
2019/03/03 01:49:22 streamdata.go:18: action=StreamIngestionData, {BTC_JPY 2019-03-02T16:49:22.6969244Z 483255 425703 425898 0.0048 0.33 2000.91816287 1319.0135861 425898 2049.86246906 2049.86246906}
2019/03/03 01:49:23 streamdata.go:18: action=StreamIngestionData, {BTC_JPY 2019-03-02T16:49:23.1969481Z 483262 425703 425898 0.0048 0.33 2001.36816287 1307.59958623 425898 2049.80563446 2049.80563446}
2019/03/03 01:49:23 streamdata.go:18: action=StreamIngestionData, {BTC_JPY 2019-03-02T16:49:23.6969511Z 483274 425703 425898 0.0048 0.33 2000.71816274 1298.3205861 425898 2049.80563446 2049.80563446}
2019/03/03 01:49:24 streamdata.go:18: action=StreamIngestionData, {BTC_JPY 2019-03-02T16:49:24.212551Z 483285 425703 425898 0.0048 0.33 2001.21816287 1321.02358623 425898 2049.80124368 2049.80124368}
2019/03/03 01:49:24 streamdata.go:18: action=StreamIngestionData, {BTC_JPY 2019-03-02T16:49:24.6032071Z 483291 425703 425898 0.0048 0.33 1977.67816287 1307.73558623 425898 2048.80124355 2048.80124355}
2019/03/03 01:49:25 streamdata.go:18: action=StreamIngestionData, {BTC_JPY 2019-03-02T16:49:25.3063157Z 483297 425703 425898 0.0048 0.33 1977.07816273 1306.81458623 425898 2047.5042355 2047.5042355}
2019/03/03 01:49:25 streamdata.go:18: action=StreamIngestionData, {BTC_JPY 2019-03-02T16:49:25.7125644Z 483303 425703 425898 0.0048 0.33 1977.87816287 1307.31458623 425898 2047.5042355 2047.5042355}
2019/03/03 01:49:26 streamdata.go:18: action=StreamIngestionData, {BTC_JPY 2019-03-02T16:49:26.275111Z 483306 425703 425898 0.0048 0.33 1978.10816287 1305.5445861 425898 2047.4462355 2047.4462355}
2019/03/03 01:49:26 streamdata.go:18: action=StreamIngestionData, {BTC_JPY 2019-03-02T16:49:26.7438436Z 483308 425703 425898 0.0048 0.33 1978.10816287 1307.04458623 425898 2047.4462355 2047.4462355}
2019/03/03 01:49:27 streamdata.go:18: action=StreamIngestionData, {BTC_JPY 2019-03-02T16:49:27.3375979Z 483311 425703 425898 0.0048 0.33 1975.75822288 1307.04458623 425898 2047.4462355 2047.4462355}
2019/03/03 01:49:27 streamdata.go:18: action=StreamIngestionData, {BTC_JPY 2019-03-02T16:49:27.8376103Z 483316 425703 425898 0.0048 0.33 1977.65822287 1307.19458623 425898 2047.4462355 2047.4462355}
2019/03/03 01:49:28 streamdata.go:18: action=StreamIngestionData, {BTC_JPY 2019-03-02T16:49:28.3376465Z 483320 425703 425897 0.0048 0.50000013 1977.65822287 1307.19458623 425898 2047.4462355 2047.4462355}
2019/03/03 01:49:28 streamdata.go:18: action=StreamIngestionData, {BTC_JPY 2019-03-02T16:49:28.7125814Z 483327 425703 425897 0.0048 0.50000013 1977.40042288 1307.97468623 425898 2047.4462355 2047.4462355}
2019/03/03 01:49:29 streamdata.go:18: action=StreamIngestionData, {BTC_JPY 2019-03-02T16:49:29.4626194Z 483339 425703 425896 0.0048 0.32 1974.78542288 1307.53468623 425898 2047.4462355 2047.4462355}
2019/03/03 01:49:30 streamdata.go:18: action=StreamIngestionData, {BTC_JPY 2019-03-02T16:49:29.821965Z 483345 425703 425896 0.0048 0.32 1959.22642288 1307.76068623 425898 2047.4462355 2047.4462355}
2019/03/03 01:49:30 streamdata.go:18: action=StreamIngestionData, {BTC_JPY 2019-03-02T16:49:30.3532581Z 483353 425703 425896 0.0048 0.32 1961.15842288 1307.76068623 425898 2047.4462355 2047.4462355}
2019/03/03 01:49:30 streamdata.go:18: action=StreamIngestionData, {BTC_JPY 2019-03-02T16:49:30.8532212Z 483365 425703 425896 0.0048 0.32 1958.33802272 1307.26068623 425898 2047.4462355 2047.4462355}
2019/03/03 01:49:31 streamdata.go:18: action=StreamIngestionData, {BTC_JPY 2019-03-02T16:49:31.2595065Z 483372 425703 425896 0.0048 0.32 1979.67602285 1307.26068623 425898 2047.4462355 2047.4462355}
2019/03/03 01:49:31 streamdata.go:18: action=StreamIngestionData, {BTC_JPY 2019-03-02T16:49:31.6345267Z 483380 425703 425896 0.0048 0.32 1981.09902285 1307.44068623 425898 2047.4462355 2047.4462355}
2019/03/03 01:49:32 streamdata.go:18: action=StreamIngestionData, {BTC_JPY 2019-03-02T16:49:32.2282512Z 483390 425703 425896 0.0048 0.32 1979.51902275 1307.29068623 425898 2047.4462355 2047.4462355}
2019/03/03 01:49:32 streamdata.go:18: action=StreamIngestionData, {BTC_JPY 2019-03-02T16:49:32.6188584Z 483398 425706 425896 1.7247836 0.32 1978.10600418 1307.95468623 425898 2047.4462355 2047.4462355}
2019/03/03 01:49:33 streamdata.go:18: action=StreamIngestionData, {BTC_JPY 2019-03-02T16:49:33.0719923Z 483406 425706 425896 1.7247836 0.32 1976.43800405 1307.95768623 425898 2047.4462355 2047.4462355}
2019/03/03 01:49:33 streamdata.go:18: action=StreamIngestionData, {BTC_JPY 2019-03-02T16:49:33.7907687Z 483411 425706 425896 1.7247836 0.32 1977.47800418 1308.18968623 425898 2047.4242355 2047.4242355}
2019/03/03 01:49:34 streamdata.go:18: action=StreamIngestionData, {BTC_JPY 2019-03-02T16:49:34.2595012Z 483413 425706 425896 1.7247836 0.32 1977.42800418 1307.6896861 425898 2047.4242355 2047.4242355}
2019/03/03 01:49:34 streamdata.go:18: action=StreamIngestionData, {BTC_JPY 2019-03-02T16:49:34.665768Z 483422 425707 425997 0.4 0.50000013 1976.78760405 1308.02368623 425898 2047.4242355 2047.4242355}
2019/03/03 01:49:35 streamdata.go:18: action=StreamIngestionData, {BTC_JPY 2019-03-02T16:49:35.1188821Z 483425 425707 425997 0.4 0.50000013 1977.78760418 1308.52368623 425898 2047.4242355 2047.4242355}
2019/03/03 01:49:35 streamdata.go:18: action=StreamIngestionData, {BTC_JPY 2019-03-02T16:49:35.5564117Z 483426 425707 425997 0.4 0.50000013 1977.73760418 1308.52368623 425898 2047.4242355 2047.4242355}
2019/03/03 01:49:36 streamdata.go:18: action=StreamIngestionData, {BTC_JPY 2019-03-02T16:49:36.1657889Z 483436 425708 425996 0.05 0.36 1975.10554403 1307.56168623 425898 2047.4242355 2047.4242355}
2019/03/03 01:49:36 streamdata.go:18: action=StreamIngestionData, {BTC_JPY 2019-03-02T16:49:36.5407637Z 483440 425708 425996 0.05 0.36 1974.53842388 1307.56168623 425898 2047.4242355 2047.4242355}
2019/03/03 01:49:37 streamdata.go:18: action=StreamIngestionData, {BTC_JPY 2019-03-02T16:49:36.9157841Z 483447 425707 425996 0.4 0.36 1976.08842402 1307.51458623 425898 2047.4242355 2047.4242355}
2019/03/03 01:49:37 streamdata.go:18: action=StreamIngestionData, {BTC_JPY 2019-03-02T16:49:37.6188975Z 483456 425708 425996 0.05 0.36 1967.53136414 1305.51458623 425898 2047.4242355 2047.4242355}
2019/03/03 01:49:38 streamdata.go:18: action=StreamIngestionData, {BTC_JPY 2019-03-02T16:49:38.1188999Z 483465 425708 425955 0.05 2.26 1969.73136414 1307.82258623 425898 2047.3842355 2047.3842355}
2019/03/03 01:49:38 streamdata.go:18: action=StreamIngestionData, {BTC_JPY 2019-03-02T16:49:38.6189196Z 483470 425708 425955 0.05 2.26 1969.73136414 1309.82258623 425898 2047.3842355 2047.3842355}
2019/03/03 01:49:39 streamdata.go:18: action=StreamIngestionData, {BTC_JPY 2019-03-02T16:49:38.9783027Z 483474 425708 425954 0.05 0.33 1969.63136413 1309.64258623 425898 2047.3842355 2047.3842355}
2019/03/03 01:49:39 streamdata.go:18: action=StreamIngestionData, {BTC_JPY 2019-03-02T16:49:39.6189003Z 483483 425708 425954 0.05 0.33 1976.57130412 1303.70458623 425898 2047.3842355 2047.3842355}
2019/03/03 01:49:40 streamdata.go:18: action=StreamIngestionData, {BTC_JPY 2019-03-02T16:49:40.1189359Z 483488 425708 425954 0.05 0.33 1976.89730413 1303.2045861 425898 2047.3842355 2047.3842355}
2019/03/03 01:49:40 streamdata.go:18: action=StreamIngestionData, {BTC_JPY 2019-03-02T16:49:40.7126617Z 483491 425708 425953 0.05 0.50000013 1976.89730413 1301.9305861 425898 2047.3842355 2047.3842355}
2019/03/03 01:49:41 streamdata.go:18: action=StreamIngestionData, {BTC_JPY 2019-03-02T16:49:41.1189385Z 483497 425708 425953 0.05 0.50000013 1969.03430413 1295.92158623 425898 2047.3842355 2047.3842355}
2019/03/03 01:49:41 streamdata.go:18: action=StreamIngestionData, {BTC_JPY 2019-03-02T16:49:41.6814157Z 483503 425708 425952 0.05 0.28 1969.53430413 1304.03658623 425898 2047.3842355 2047.3842355}
2019/03/03 01:49:42 streamdata.go:18: action=StreamIngestionData, {BTC_JPY 2019-03-02T16:49:42.134575Z 483508 425707 425952 0.8 0.28 1968.9843041 1304.03658623 425898 2047.3842355 2047.3842355}
2019/03/03 01:49:42 streamdata.go:18: action=StreamIngestionData, {BTC_JPY 2019-03-02T16:49:42.8533121Z 483512 425708 425952 0.05 0.28 1977.08930412 1304.03658623 425898 2047.3842355 2047.3842355}
2019/03/03 01:49:43 streamdata.go:18: action=StreamIngestionData, {BTC_JPY 2019-03-02T16:49:43.337724Z 483518 425708 425952 0.05 0.28 1976.96330413 1303.31058623 425898 2047.3842355 2047.3842355}
2019/03/03 01:49:43 streamdata.go:18: action=StreamIngestionData, {BTC_JPY 2019-03-02T16:49:43.8377154Z 483524 425708 425952 0.05 0.28 1977.35036414 1296.40158623 425898 2047.3842355 2047.3842355}
2019/03/03 01:49:44 streamdata.go:18: action=StreamIngestionData, {BTC_JPY 2019-03-02T16:49:44.1970911Z 483530 425708 425952 0.05 0.28 1969.53536414 1296.40758623 425898 2047.3842355 2047.3842355}
2019/03/03 01:49:44 streamdata.go:18: action=StreamIngestionData, {BTC_JPY 2019-03-02T16:49:44.6971125Z 483538 425708 425952 0.05 0.28 1970.53536414 1289.43358623 425898 2047.3842355 2047.3842355}
2019/03/03 01:49:45 streamdata.go:18: action=StreamIngestionData, {BTC_JPY 2019-03-02T16:49:45.1814961Z 483547 425708 425952 0.05 0.28 1970.53536414 1294.8945861 425898 2047.3842355 2047.3842355}
2019/03/03 01:49:45 streamdata.go:18: action=StreamIngestionData, {BTC_JPY 2019-03-02T16:49:45.5720709Z 483559 425707 425952 0.8 0.28 1969.98536414 1287.98058623 425898 2047.3842355 2047.3842355}
2019/03/03 01:49:46 streamdata.go:18: action=StreamIngestionData, {BTC_JPY 2019-03-02T16:49:46.0720957Z 483571 425708 425952 0.05 0.28 1976.89336401 1278.47058623 425898 2047.3842355 2047.3842355}
2019/03/03 01:49:46 streamdata.go:18: action=StreamIngestionData, {BTC_JPY 2019-03-02T16:49:46.431454Z 483578 425708 425952 0.05 0.28 1977.80642415 1299.52858623 425898 2047.3842355 2047.3842355}
2019/03/03 01:49:47 streamdata.go:18: action=StreamIngestionData, {BTC_JPY 2019-03-02T16:49:47.0408571Z 483582 425708 425952 0.05 0.28 1977.30642402 1299.29158623 425898 2047.3842355 2047.3842355}
2019/03/03 01:49:47 streamdata.go:18: action=StreamIngestionData, {BTC_JPY 2019-03-02T16:49:47.44713Z 483589 425708 425952 0.05 0.28 1976.45542414 1299.64158623 425898 2047.3842355 2047.3842355}
2019/03/03 01:49:48 streamdata.go:18: action=StreamIngestionData, {BTC_JPY 2019-03-02T16:49:47.9314837Z 483593 425708 425952 0.05 0.28 1978.55542415 1300.04058623 425898 2047.3842355 2047.3842355}
2019/03/03 01:49:48 streamdata.go:18: action=StreamIngestionData, {BTC_JPY 2019-03-02T16:49:48.4314592Z 483599 425708 425951 0.05 0.05 1978.55542415 1298.0905861 425898 2047.3842355 2047.3842355}
2019/03/03 01:49:49 streamdata.go:18: action=StreamIngestionData, {BTC_JPY 2019-03-02T16:49:48.915864Z 483605 425708 425951 0.05 0.05 1970.49742415 1292.23158623 425898 2047.3842355 2047.3842355}
2019/03/03 01:49:49 streamdata.go:18: action=StreamIngestionData, {BTC_JPY 2019-03-02T16:49:49.3064714Z 483614 425708 425950 0.05 0.34 1970.49742415 1301.15598623 425898 2047.3842355 2047.3842355}
2019/03/03 01:49:50 streamdata.go:18: action=StreamIngestionData, {BTC_JPY 2019-03-02T16:49:49.7752272Z 483617 425708 425950 0.05 0.34 1970.45742415 1301.48598623 425898 2047.3842355 2047.3842355}
2019/03/03 01:49:50 streamdata.go:18: action=StreamIngestionData, {BTC_JPY 2019-03-02T16:49:50.2439966Z 483620 425708 425953 0.05 0.50000013 1970.10842414 1301.14598623 425898 2047.3842355 2047.3842355}
2019/03/03 01:49:50 streamdata.go:18: action=StreamIngestionData, {BTC_JPY 2019-03-02T16:49:50.6346212Z 483625 425708 425950 0.05 0.3587 1970.10842414 1300.7556861 425898 2047.3842355 2047.3842355}
2019/03/03 01:49:51 streamdata.go:18: action=StreamIngestionData, {BTC_JPY 2019-03-02T16:49:51.1033512Z 483631 425708 425950 0.05 0.3587 1975.69942415 1301.25568623 425898 2047.3842355 2047.3842355}
2019/03/03 01:49:51 streamdata.go:18: action=StreamIngestionData, {BTC_JPY 2019-03-02T16:49:51.6033544Z 483643 425707 425949 0.8 0.26 1978.53542415 1301.44568623 425898 2047.3842355 2047.3842355}
2019/03/03 01:49:52 streamdata.go:18: action=StreamIngestionData, {BTC_JPY 2019-03-02T16:49:52.0877431Z 483651 425708 425949 0.05 0.26 1998.08042415 1298.94568597 425898 2047.3842355 2047.3842355}
2019/03/03 01:49:52 streamdata.go:18: action=StreamIngestionData, {BTC_JPY 2019-03-02T16:49:52.4627624Z 483658 425708 425948 0.05 0.50000013 1980.03942415 1301.18568623 425898 2047.3842355 2047.3842355}
2019/03/03 01:49:53 streamdata.go:18: action=StreamIngestionData, {BTC_JPY 2019-03-02T16:49:52.8533646Z 483666 425708 425948 0.05 0.85870013 1968.72242412 1301.18568623 425898 2047.3842355 2047.3842355}
2019/03/03 01:49:53 streamdata.go:18: action=StreamIngestionData, {BTC_JPY 2019-03-02T16:49:53.4315197Z 483669 425708 425948 0.05 0.3587 1968.72242412 1300.6856861 425898 2047.3842355 2047.3842355}
2019/03/03 01:49:54 streamdata.go:18: action=StreamIngestionData, {BTC_JPY 2019-03-02T16:49:53.8377785Z 483677 425708 425947 0.05 0.36 1967.99242399 1301.1956861 425898 2047.3842355 2047.3842355}
2019/03/03 01:49:54 streamdata.go:18: action=StreamIngestionData, {BTC_JPY 2019-03-02T16:49:54.4628026Z 483686 425708 425947 0.05 1.36000013 1970.29242415 1301.96568623 425898 2047.3842355 2047.3842355}
2019/03/03 01:49:55 streamdata.go:18: action=StreamIngestionData, {BTC_JPY 2019-03-02T16:49:54.9471192Z 483691 425708 425947 0.05 1.36000013 1970.57642415 1302.7096861 425898 2047.2742355 2047.2742355}
2019/03/03 01:53:16 bitflyer.go:196: connecting to wss://ws.lightstream.bitflyer.com/json-rpc
2019/03/03 01:53:16 streamdata.go:18: action=StreamIngestionData, {BTC_JPY 2019-03-02T16:53:16.9022925Z 486518 425703 425877 0.0048 0.36 2001.74733385 1306.00722511 425768 2028.25092485 2028.25092485}
2019/03/03 01:53:17 streamdata.go:18: action=StreamIngestionData, {BTC_JPY 2019-03-02T16:53:17.2772901Z 486523 425703 425876 0.0048 0.06 2001.13333371 1306.06722511 425768 2028.25092485 2028.25092485}
2019/03/03 01:53:17 streamdata.go:18: action=StreamIngestionData, {BTC_JPY 2019-03-02T16:53:17.7772973Z 486529 425703 425876 0.0048 0.06 2001.38433384 1306.22822511 425768 2028.25092485 2028.25092485}
2019/03/03 01:53:18 streamdata.go:18: action=StreamIngestionData, {BTC_JPY 2019-03-02T16:53:18.2772707Z 486534 425703 425878 0.0048 0.50000013 1999.65033384 1305.80822511 425768 2028.25092485 2028.25092485}
2019/03/03 01:53:18 streamdata.go:18: action=StreamIngestionData, {BTC_JPY 2019-03-02T16:53:18.6679031Z 486546 425703 425875 0.0048 0.34 2002.13233385 1306.43422511 425768 2028.25092485 2028.25092485}
2019/03/03 01:53:19 streamdata.go:18: action=StreamIngestionData, {BTC_JPY 2019-03-02T16:53:19.1054062Z 486550 425703 425875 0.0048 0.34 1994.27333385 1306.43422511 425768 2028.25092485 2028.25092485}
2019/03/03 01:53:19 streamdata.go:18: action=StreamIngestionData, {BTC_JPY 2019-03-02T16:53:19.5273255Z 486554 425703 425875 0.0048 0.34 1993.57333385 1306.17422511 425768 2028.25092485 2028.25092485}
2019/03/03 01:53:20 streamdata.go:18: action=StreamIngestionData, {BTC_JPY 2019-03-02T16:53:20.042949Z 486562 425703 425874 0.0048 0.06 1993.57573385 1305.73182511 425768 2028.25092485 2028.25092485}
2019/03/03 01:53:20 streamdata.go:18: action=StreamIngestionData, {BTC_JPY 2019-03-02T16:53:20.5429635Z 486570 425703 425873 0.0048 0.28 2000.91963384 1305.58182511 425768 2028.25092485 2028.25092485}
2019/03/03 01:53:21 streamdata.go:18: action=StreamIngestionData, {BTC_JPY 2019-03-02T16:53:20.9179509Z 486575 425703 425873 0.0048 0.28 2000.60173371 1305.58182511 425768 2028.25092485 2028.25092485}
2019/03/03 01:53:21 streamdata.go:18: action=StreamIngestionData, {BTC_JPY 2019-03-02T16:53:21.4023655Z 486579 425703 425873 0.0048 0.28 2001.20173385 1304.94582511 425768 2028.25092485 2028.25092485}
2019/03/03 01:53:21 streamdata.go:18: action=StreamIngestionData, {BTC_JPY 2019-03-02T16:53:21.9023181Z 486587 425703 425996 0.0048 0.06 2001.22573385 1305.16582511 425768 2028.25092485 2028.25092485}
2019/03/03 01:53:22 streamdata.go:18: action=StreamIngestionData, {BTC_JPY 2019-03-02T16:53:22.4023637Z 486595 425703 425996 0.0048 0.06 2001.12573372 1305.59982511 425768 2028.25092485 2028.25092485}
2019/03/03 01:53:22 streamdata.go:18: action=StreamIngestionData, {BTC_JPY 2019-03-02T16:53:22.7929885Z 486603 425703 425953 0.0048 0.1 2001.28573385 1307.50982511 425768 2028.25092485 2028.25092485}
2019/03/03 01:53:23 streamdata.go:18: action=StreamIngestionData, {BTC_JPY 2019-03-02T16:53:23.4023871Z 486609 425703 425953 0.0048 0.60000013 1993.13373382 1307.50982511 425768 2028.25092485 2028.25092485}
2019/03/03 01:53:24 streamdata.go:18: action=StreamIngestionData, {BTC_JPY 2019-03-02T16:53:23.7773833Z 486621 425703 425952 0.0048 0.41 1993.17273382 1307.57982511 425768 2028.25092485 2028.25092485}
2019/03/03 01:53:24 streamdata.go:18: action=StreamIngestionData, {BTC_JPY 2019-03-02T16:53:24.3867584Z 486625 425703 425952 0.0048 0.41 1993.34273384 1307.47982511 425768 2028.25092485 2028.25092485}
2019/03/03 01:53:24 streamdata.go:18: action=StreamIngestionData, {BTC_JPY 2019-03-02T16:53:24.7617504Z 486636 425703 425952 0.0048 0.41 1992.50873372 1305.48982511 425768 2028.25092485 2028.25092485}
2019/03/03 01:53:25 streamdata.go:18: action=StreamIngestionData, {BTC_JPY 2019-03-02T16:53:25.4023617Z 486644 425703 425951 0.0048 0.06 2001.08773385 1305.25582511 425768 2028.25092485 2028.25092485}
2019/03/03 01:53:26 streamdata.go:18: action=StreamIngestionData, {BTC_JPY 2019-03-02T16:53:26.1992744Z 486646 425703 425951 0.0048 0.06 2001.08773385 1305.07882511 425768 2028.25092485 2028.25092485}
2019/03/03 01:53:27 streamdata.go:18: action=StreamIngestionData, {BTC_JPY 2019-03-02T16:53:27.246174Z 486650 425703 425951 0.0048 0.06 2001.08773385 1305.07882511 425768 2028.25092485 2028.25092485}
2019/03/03 01:53:27 streamdata.go:18: action=StreamIngestionData, {BTC_JPY 2019-03-02T16:53:27.8399302Z 486653 425703 425950 0.0048 0.33 2001.58773385 1305.90882511 425768 2028.25092485 2028.25092485}
2019/03/03 01:53:28 streamdata.go:18: action=StreamIngestionData, {BTC_JPY 2019-03-02T16:53:28.2149478Z 486660 425703 425909 0.0048 2.26 2001.35473385 1307.63082498 425768 2028.25092485 2028.25092485}
2019/03/03 01:53:28 streamdata.go:18: action=StreamIngestionData, {BTC_JPY 2019-03-02T16:53:28.7462093Z 486677 425703 425908 0.0048 1.33000013 2001.52473384 1307.83582511 425768 2028.25092485 2028.25092485}
2019/03/03 01:53:29 streamdata.go:18: action=StreamIngestionData, {BTC_JPY 2019-03-02T16:53:29.2305701Z 486684 425703 425908 0.0048 1.33000013 2001.75573384 1315.56282511 425768 2028.25092485 2028.25092485}
2019/03/03 01:53:29 streamdata.go:18: action=StreamIngestionData, {BTC_JPY 2019-03-02T16:53:29.7149251Z 486689 425703 425908 0.0048 1.33000013 2001.86373385 1304.83782511 425768 2028.25092485 2028.25092485}
2019/03/03 01:53:30 streamdata.go:18: action=StreamIngestionData, {BTC_JPY 2019-03-02T16:53:30.5274544Z 486694 425703 425907 0.0048 0.06 2001.83373385 1303.48782498 425768 2028.25092485 2028.25092485}
2019/03/03 01:53:31 streamdata.go:18: action=StreamIngestionData, {BTC_JPY 2019-03-02T16:53:31.0274387Z 486698 425703 425906 0.0048 0.34 2001.83373385 1304.82782511 425768 2028.25092485 2028.25092485}
2019/03/03 01:53:31 streamdata.go:18: action=StreamIngestionData, {BTC_JPY 2019-03-02T16:53:31.4180741Z 486706 425703 425905 0.0048 0.50000013 1997.67073384 1305.01782511 425768 2028.25092485 2028.25092485}
2019/03/03 01:53:32 streamdata.go:18: action=StreamIngestionData, {BTC_JPY 2019-03-02T16:53:31.9337549Z 486714 425703 425905 0.0048 0.50000013 1987.90173384 1304.67782511 425768 2028.25092485 2028.25092485}
2019/03/03 01:53:32 streamdata.go:18: action=StreamIngestionData, {BTC_JPY 2019-03-02T16:53:32.3555781Z 486727 425703 425904 0.0048 0.34 1989.40173384 1304.65682511 425768 2028.25092485 2028.25092485}
2019/03/03 01:53:33 streamdata.go:18: action=StreamIngestionData, {BTC_JPY 2019-03-02T16:53:33.0118921Z 486740 425703 425864 0.0048 2.26 2002.16973385 1306.39382511 425768 2028.25092485 2028.25092485}
2019/03/03 01:53:33 streamdata.go:18: action=StreamIngestionData, {BTC_JPY 2019-03-02T16:53:33.6212458Z 486745 425703 425863 0.0048 1.50000026 2002.48873385 1306.39382511 425768 2028.25092485 2028.25092485}
2019/03/03 01:53:34 streamdata.go:18: action=StreamIngestionData, {BTC_JPY 2019-03-02T16:53:33.9806249Z 486748 425703 425863 0.0048 1.50000026 2002.98873385 1306.59282511 425768 2028.25092485 2028.25092485}
2019/03/03 01:53:34 streamdata.go:18: action=StreamIngestionData, {BTC_JPY 2019-03-02T16:53:34.5899841Z 486756 425703 425862 0.0048 0.29 1995.03073382 1306.74282511 425768 2028.25092485 2028.25092485}
2019/03/03 01:53:35 streamdata.go:18: action=StreamIngestionData, {BTC_JPY 2019-03-02T16:53:35.3712753Z 486760 425703 425862 0.0048 0.29 1994.75173382 1306.74282511 425768 2028.25092485 2028.25092485}
2019/03/03 01:53:36 streamdata.go:18: action=StreamIngestionData, {BTC_JPY 2019-03-02T16:53:35.7462675Z 486766 425703 425862 0.0048 0.29 1995.05173385 1303.24582498 425768 2028.25092485 2028.25092485}
2019/03/03 01:53:36 streamdata.go:18: action=StreamIngestionData, {BTC_JPY 2019-03-02T16:53:36.2618827Z 486774 425703 425862 0.0048 0.29 2003.15803385 1304.18582511 425768 2028.25092485 2028.25092485}
2019/03/03 01:53:37 streamdata.go:18: action=StreamIngestionData, {BTC_JPY 2019-03-02T16:53:36.8556724Z 486780 425703 425862 0.0048 0.35 2000.75803372 1304.47982511 425768 2028.25092485 2028.25092485}
2019/03/03 01:53:37 streamdata.go:18: action=StreamIngestionData, {BTC_JPY 2019-03-02T16:53:37.4337972Z 486783 425703 425862 0.0048 0.29 2002.25803372 1304.41982511 425768 2028.25092485 2028.25092485}
2019/03/03 01:53:38 streamdata.go:18: action=StreamIngestionData, {BTC_JPY 2019-03-02T16:53:37.9493961Z 486788 425703 425861 0.0048 0.06 2002.75563385 1304.46782511 425768 2028.25092485 2028.25092485}
2019/03/03 01:53:38 streamdata.go:18: action=StreamIngestionData, {BTC_JPY 2019-03-02T16:53:38.4338211Z 486791 425703 425861 0.0048 0.06 2002.25563385 1302.88782511 425768 2028.25092485 2028.25092485}
2019/03/03 01:53:39 streamdata.go:18: action=StreamIngestionData, {BTC_JPY 2019-03-02T16:53:38.9337948Z 486799 425703 425860 0.0048 0.42 2000.02163385 1304.81782511 425768 2028.25092485 2028.25092485}
2019/03/03 01:53:39 streamdata.go:18: action=StreamIngestionData, {BTC_JPY 2019-03-02T16:53:39.4182021Z 486807 425703 425860 0.0048 0.42 2001.85863385 1303.66382511 425768 2028.25092485 2028.25092485}
2019/03/03 01:53:39 streamdata.go:18: action=StreamIngestionData, {BTC_JPY 2019-03-02T16:53:39.7934469Z 486811 425703 425859 0.0048 0.06 2001.98563384 1303.66382511 425768 2028.25092485 2028.25092485}
2019/03/03 01:53:40 streamdata.go:18: action=StreamIngestionData, {BTC_JPY 2019-03-02T16:53:40.3869559Z 486814 425703 425859 0.0048 0.06 2002.48563384 1304.39082511 425768 2028.25092485 2028.25092485}
2019/03/03 01:53:41 streamdata.go:18: action=StreamIngestionData, {BTC_JPY 2019-03-02T16:53:40.8557236Z 486820 425703 425858 0.0048 0.32 2002.78563385 1304.43082511 425768 2028.25092485 2028.25092485}
2019/03/03 01:53:41 streamdata.go:18: action=StreamIngestionData, {BTC_JPY 2019-03-02T16:53:41.2463501Z 486826 425703 425858 0.0048 0.32 1994.91263385 1304.50782511 425768 2028.25092485 2028.25092485}
2019/03/03 01:53:42 streamdata.go:18: action=StreamIngestionData, {BTC_JPY 2019-03-02T16:53:41.9338563Z 486828 425703 425862 0.0048 0.06 1990.91263372 1304.18782511 425768 2028.25092485 2028.25092485}
2019/03/03 01:53:42 streamdata.go:18: action=StreamIngestionData, {BTC_JPY 2019-03-02T16:53:42.3244645Z 486833 425703 425857 0.0048 0.06 1994.91263385 1304.47282498 425768 2028.25092485 2028.25092485}
2019/03/03 01:53:42 streamdata.go:18: action=StreamIngestionData, {BTC_JPY 2019-03-02T16:53:42.8244938Z 486843 425703 425857 0.0048 0.06 2002.43963384 1301.08982511 425768 2028.25092485 2028.25092485}
2019/03/03 01:53:43 streamdata.go:18: action=StreamIngestionData, {BTC_JPY 2019-03-02T16:53:43.2619779Z 486855 425703 425855 0.0048 0.06 2002.81663384 1305.74282511 425768 2028.25092485 2028.25092485}
2019/03/03 01:53:43 streamdata.go:18: action=StreamIngestionData, {BTC_JPY 2019-03-02T16:53:43.6213714Z 486863 425703 425855 0.0048 0.06 2002.94663385 1305.24082498 425768 2028.25092485 2028.25092485}
2019/03/03 01:53:44 streamdata.go:18: action=StreamIngestionData, {BTC_JPY 2019-03-02T16:53:44.2307649Z 486874 425703 425854 0.0048 0.32 2002.82263385 1312.37582511 425768 2028.25092485 2028.25092485}
2019/03/03 01:53:44 streamdata.go:18: action=StreamIngestionData, {BTC_JPY 2019-03-02T16:53:44.6057619Z 486883 425703 425854 0.0048 0.38 2002.13257384 1310.16782511 425768 2028.25092485 2028.25092485}
2019/03/03 01:53:45 streamdata.go:18: action=StreamIngestionData, {BTC_JPY 2019-03-02T16:53:45.1838644Z 486893 425703 425854 0.0048 0.38 2001.75251383 1308.14782511 425768 2028.25092485 2028.25092485}
2019/03/03 01:53:45 streamdata.go:18: action=StreamIngestionData, {BTC_JPY 2019-03-02T16:53:45.7151559Z 486904 425703 425853 0.0048 0.06 1993.13145379 1307.99782511 425768 2028.25092485 2028.25092485}
2019/03/03 01:54:03 bitflyer.go:196: connecting to wss://ws.lightstream.bitflyer.com/json-rpc
2019/03/03 01:54:04 streamdata.go:18: action=StreamIngestionData, {BTC_JPY 2019-03-02T16:54:04.3247833Z 487173 425708 426000 0.50000013 1.5 1997.3966516 1311.88422511 425955 2029.98717798 2029.98717798}
2019/03/03 01:54:04 streamdata.go:18: action=StreamIngestionData, {BTC_JPY 2019-03-02T16:54:04.7935384Z 487182 425709 426000 0.4 1.5 1998.06657125 1312.15822511 425955 2029.98717798 2029.98717798}
2019/03/03 01:54:05 streamdata.go:18: action=StreamIngestionData, {BTC_JPY 2019-03-02T16:54:05.2779168Z 487187 425709 426000 0.4 1.5 1998.26897125 1304.75222511 425955 2029.98717798 2029.98717798}
2019/03/03 01:54:05 streamdata.go:18: action=StreamIngestionData, {BTC_JPY 2019-03-02T16:54:05.7779212Z 487191 425709 426000 0.4 1.5 1998.39297126 1312.61722511 425955 2029.98717798 2029.98717798}
2019/03/03 01:54:06 streamdata.go:18: action=StreamIngestionData, {BTC_JPY 2019-03-02T16:54:06.2310426Z 487193 425710 426000 0.32 1.5 1998.38697126 1312.61722511 425955 2029.98717798 2029.98717798}
2019/03/03 01:54:07 streamdata.go:18: action=StreamIngestionData, {BTC_JPY 2019-03-02T16:54:06.8716738Z 487198 425710 426000 1.32000013 1.5 2001.07897126 1311.91722511 425955 2029.98717798 2029.98717798}
2019/03/03 01:54:07 streamdata.go:18: action=StreamIngestionData, {BTC_JPY 2019-03-02T16:54:07.371706Z 487206 425711 426000 0.4 1.5 1994.76597126 1311.91722511 425955 2029.98717798 2029.98717798}
2019/03/03 01:54:07 streamdata.go:18: action=StreamIngestionData, {BTC_JPY 2019-03-02T16:54:07.8560746Z 487216 425711 426000 0.4 1.5 1987.69197123 1311.91722511 425955 2029.98717798 2029.98717798}
2019/03/03 01:54:08 streamdata.go:18: action=StreamIngestionData, {BTC_JPY 2019-03-02T16:54:08.2467558Z 487228 425712 426000 0.35 1.5 1987.3959711 1307.67022498 425955 2029.98717798 2029.98717798}
2019/03/03 01:54:08 streamdata.go:18: action=StreamIngestionData, {BTC_JPY 2019-03-02T16:54:08.7467311Z 487244 425713 426000 0.4 1.5 1992.54257124 1311.71552498 425955 2029.98717798 2029.98717798}
2019/03/03 01:54:09 streamdata.go:18: action=StreamIngestionData, {BTC_JPY 2019-03-02T16:54:09.106098Z 487249 425714 426000 0.25 1.5 1992.64257126 1312.21552511 425955 2029.98717798 2029.98717798}
2019/03/03 01:54:09 streamdata.go:18: action=StreamIngestionData, {BTC_JPY 2019-03-02T16:54:09.606126Z 487254 425714 426000 0.25 1.5 1991.43437113 1306.96552511 425955 2029.98717798 2029.98717798}
2019/03/03 01:54:10 streamdata.go:18: action=StreamIngestionData, {BTC_JPY 2019-03-02T16:54:10.059262Z 487259 425714 426000 0.25 1.5 1992.03437126 1299.11052511 425955 2029.98717798 2029.98717798}
2019/03/03 01:54:10 streamdata.go:18: action=StreamIngestionData, {BTC_JPY 2019-03-02T16:54:10.5280005Z 487263 425714 426000 0.65 1.5 1992.93437126 1307.46552511 425955 2029.98717798 2029.98717798}
2019/03/03 01:54:11 streamdata.go:18: action=StreamIngestionData, {BTC_JPY 2019-03-02T16:54:10.9811214Z 487265 425714 426000 0.65 1.5 1993.13437126 1307.66552511 425955 2029.98717798 2029.98717798}
2019/03/03 01:54:11 streamdata.go:18: action=StreamIngestionData, {BTC_JPY 2019-03-02T16:54:11.3249242Z 487270 425714 426000 0.65 1.5 1984.75237126 1299.79152511 425955 2029.98717798 2029.98717798}
2019/03/03 01:54:12 streamdata.go:18: action=StreamIngestionData, {BTC_JPY 2019-03-02T16:54:12.0124286Z 487276 425714 426000 0.65 1.5 1992.12037113 1297.55652498 425955 2029.98717798 2029.98717798}
2019/03/03 01:54:12 streamdata.go:18: action=StreamIngestionData, {BTC_JPY 2019-03-02T16:54:12.7311622Z 487281 425714 426000 0.65 1.5 1992.75237125 1299.78852511 425955 2029.98717798 2029.98717798}
2019/03/03 01:54:13 streamdata.go:18: action=StreamIngestionData, {BTC_JPY 2019-03-02T16:54:13.4186981Z 487282 425714 426000 0.65 1.5 1992.25237112 1299.78852511 425955 2029.98717798 2029.98717798}
2019/03/03 01:54:13 streamdata.go:18: action=StreamIngestionData, {BTC_JPY 2019-03-02T16:54:13.7937255Z 487284 425714 426000 0.65 1.5 1992.85237126 1299.78852511 425955 2029.98717798 2029.98717798}
2019/03/03 01:54:14 streamdata.go:18: action=StreamIngestionData, {BTC_JPY 2019-03-02T16:54:14.6062217Z 487285 425714 426000 0.65 1.5 1992.81237126 1299.78852511 425955 2029.87917811 2029.87917811}
2019/03/03 01:54:15 streamdata.go:18: action=StreamIngestionData, {BTC_JPY 2019-03-02T16:54:15.1218582Z 487294 425714 426000 0.65 1.5 1989.380371 1300.57852498 425955 2029.87917811 2029.87917811}
2019/03/03 01:54:15 streamdata.go:18: action=StreamIngestionData, {BTC_JPY 2019-03-02T16:54:15.7468896Z 487301 425714 426000 0.65 1.5 1990.88037113 1303.14652498 425955 2029.87917811 2029.87917811}
2019/03/03 01:54:16 streamdata.go:18: action=StreamIngestionData, {BTC_JPY 2019-03-02T16:54:16.1374985Z 487308 425714 425999 0.4 0.36 1991.75837125 1304.73452511 425955 2029.87917811 2029.87917811}
2019/03/03 01:54:16 streamdata.go:18: action=StreamIngestionData, {BTC_JPY 2019-03-02T16:54:16.6843689Z 487310 425714 425999 0.4 0.36 1991.25837112 1299.53452511 425955 2029.87917811 2029.87917811}
2019/03/03 01:54:17 streamdata.go:18: action=StreamIngestionData, {BTC_JPY 2019-03-02T16:54:17.1219077Z 487322 425714 425999 0.4 0.36 1991.85837126 1305.74252524 425955 2029.87917811 2029.87917811}
2019/03/03 01:54:17 streamdata.go:18: action=StreamIngestionData, {BTC_JPY 2019-03-02T16:54:17.7313103Z 487333 425715 425999 0.4999 0.36 1990.54587126 1308.46322537 425955 2029.87917811 2029.87917811}
2019/03/03 01:54:18 streamdata.go:18: action=StreamIngestionData, {BTC_JPY 2019-03-02T16:54:18.325049Z 487340 425716 425999 0.4 0.36 1992.04587113 1309.62322524 425955 2029.87917811 2029.87917811}
2019/03/03 01:54:18 streamdata.go:18: action=StreamIngestionData, {BTC_JPY 2019-03-02T16:54:18.7000277Z 487347 425716 425999 0.4 0.36 1991.31787113 1309.12122524 425955 2029.87917811 2029.87917811}
2019/03/03 01:54:19 streamdata.go:18: action=StreamIngestionData, {BTC_JPY 2019-03-02T16:54:19.309461Z 487357 425716 425999 0.4 0.36 1991.31787123 1308.28322524 425955 2029.83917811 2029.83917811}
2019/03/03 01:54:19 streamdata.go:18: action=StreamIngestionData, {BTC_JPY 2019-03-02T16:54:19.7938249Z 487361 425716 425999 0.4 0.36 1991.53767123 1313.23042511 425955 2029.83917811 2029.83917811}
2019/03/03 01:54:20 streamdata.go:18: action=StreamIngestionData, {BTC_JPY 2019-03-02T16:54:20.1844336Z 487373 425716 425999 0.4 0.36 1991.33767113 1345.29842524 425955 2029.83917811 2029.83917811}
2019/03/03 01:54:20 streamdata.go:18: action=StreamIngestionData, {BTC_JPY 2019-03-02T16:54:20.5906916Z 487381 425716 425999 0.4 0.36 1989.21048816 1339.28242524 425955 2029.83917811 2029.83917811}
2019/03/03 01:54:21 streamdata.go:18: action=StreamIngestionData, {BTC_JPY 2019-03-02T16:54:21.1844514Z 487386 425716 425999 0.4 0.36 1992.41108116 1338.34442511 425955 2029.79917811 2029.79917811}
2019/03/03 01:54:21 streamdata.go:18: action=StreamIngestionData, {BTC_JPY 2019-03-02T16:54:21.6844821Z 487395 425716 425999 0.4 0.36 1984.54308116 1328.71742511 425955 2029.79917811 2029.79917811}
2019/03/03 01:54:22 streamdata.go:18: action=StreamIngestionData, {BTC_JPY 2019-03-02T16:54:22.0594585Z 487403 425716 425999 0.4 0.36 1983.58308103 1337.81742485 425955 2029.79917811 2029.79917811}
2019/03/03 01:54:22 streamdata.go:18: action=StreamIngestionData, {BTC_JPY 2019-03-02T16:54:22.559503Z 487412 425716 425998 0.4 0.50000013 1984.35108116 1326.49642498 425955 2029.79917811 2029.79917811}
2019/03/03 01:54:23 streamdata.go:18: action=StreamIngestionData, {BTC_JPY 2019-03-02T16:54:22.9657318Z 487420 425716 425998 0.4 0.50000013 1984.35108116 1307.81542511 425955 2029.79917811 2029.79917811}
2019/03/03 01:54:23 streamdata.go:18: action=StreamIngestionData, {BTC_JPY 2019-03-02T16:54:23.4657635Z 487426 425716 425998 0.4 0.50000013 1992.70408116 1308.87105811 425955 2029.79917811 2029.79917811}
2019/03/03 01:54:24 streamdata.go:18: action=StreamIngestionData, {BTC_JPY 2019-03-02T16:54:24.5282903Z 487431 425716 425998 0.4 0.50000013 1992.80408115 1308.57593191 425955 2029.79917811 2029.79917811}
2019/03/03 01:54:25 streamdata.go:18: action=StreamIngestionData, {BTC_JPY 2019-03-02T16:54:24.9345184Z 487437 425716 425997 0.4 0.25 1985.02296116 1308.83892191 425955 2029.79917811 2029.79917811}
2019/03/03 01:54:25 streamdata.go:18: action=StreamIngestionData, {BTC_JPY 2019-03-02T16:54:25.6220666Z 487438 425716 425997 0.4 0.25 1985.02296116 1307.83892178 425955 2029.79917811 2029.79917811}
2019/03/03 01:54:26 streamdata.go:18: action=StreamIngestionData, {BTC_JPY 2019-03-02T16:54:26.106423Z 487440 425716 425997 0.4 0.25 1985.02296116 1308.74892191 425955 2029.79917811 2029.79917811}
2019/03/03 01:54:26 streamdata.go:18: action=StreamIngestionData, {BTC_JPY 2019-03-02T16:54:26.6064321Z 487445 425716 425997 0.4 0.25 1992.18996116 1308.04892191 425955 2029.79917811 2029.79917811}
2019/03/03 01:54:27 streamdata.go:18: action=StreamIngestionData, {BTC_JPY 2019-03-02T16:54:26.9814377Z 487448 425716 425997 0.4 0.25 1992.33796115 1308.29692191 425955 2029.77917811 2029.77917811}
2019/03/03 01:54:27 streamdata.go:18: action=StreamIngestionData, {BTC_JPY 2019-03-02T16:54:27.4502134Z 487451 425716 425997 0.4 0.25 1992.43196115 1308.29692191 425955 2029.72917811 2029.72917811}
2019/03/03 01:54:28 streamdata.go:18: action=StreamIngestionData, {BTC_JPY 2019-03-02T16:54:27.8408546Z 487457 425716 425997 0.4 0.25 1980.28796116 1308.38692191 425955 2029.72917811 2029.72917811}
2019/03/03 01:54:28 streamdata.go:18: action=StreamIngestionData, {BTC_JPY 2019-03-02T16:54:28.3564759Z 487466 425716 425997 0.4 0.25 1981.97996116 1306.29692191 425955 2029.72917811 2029.72917811}
2019/03/03 01:54:28 streamdata.go:18: action=StreamIngestionData, {BTC_JPY 2019-03-02T16:54:28.7470957Z 487471 425716 425997 0.4 0.25 1995.83096116 1308.29692191 425955 2029.72917811 2029.72917811}
